[2023-05-20T00:11:09.662+0000] {processor.py:154} INFO - Started process (PID=9195) to work on /opt/airflow/dags/algolia-dag.py
[2023-05-20T00:11:09.665+0000] {processor.py:756} INFO - Processing file /opt/airflow/dags/algolia-dag.py for tasks to queue
[2023-05-20T00:11:09.666+0000] {logging_mixin.py:137} INFO - [2023-05-20T00:11:09.666+0000] {dagbag.py:537} INFO - Filling up the DagBag from /opt/airflow/dags/algolia-dag.py
[2023-05-20T00:11:09.681+0000] {processor.py:766} INFO - DAG(s) dict_keys(['tutorial']) retrieved from /opt/airflow/dags/algolia-dag.py
[2023-05-20T00:11:09.709+0000] {logging_mixin.py:137} INFO - [2023-05-20T00:11:09.709+0000] {dag.py:2585} INFO - Sync 1 DAGs
[2023-05-20T00:11:09.724+0000] {logging_mixin.py:137} INFO - [2023-05-20T00:11:09.724+0000] {dag.py:3340} INFO - Setting next_dagrun for tutorial to 2015-06-01T00:00:00+00:00, run_after=2015-06-02T00:00:00+00:00
[2023-05-20T00:11:09.734+0000] {processor.py:176} INFO - Processing /opt/airflow/dags/algolia-dag.py took 0.076 seconds
[2023-05-20T01:35:12.424+0000] {processor.py:154} INFO - Started process (PID=9223) to work on /opt/airflow/dags/algolia-dag.py
[2023-05-20T01:35:12.425+0000] {processor.py:756} INFO - Processing file /opt/airflow/dags/algolia-dag.py for tasks to queue
[2023-05-20T01:35:12.426+0000] {logging_mixin.py:137} INFO - [2023-05-20T01:35:12.426+0000] {dagbag.py:537} INFO - Filling up the DagBag from /opt/airflow/dags/algolia-dag.py
[2023-05-20T01:35:12.445+0000] {processor.py:766} INFO - DAG(s) dict_keys(['tutorial']) retrieved from /opt/airflow/dags/algolia-dag.py
[2023-05-20T01:35:12.486+0000] {logging_mixin.py:137} INFO - [2023-05-20T01:35:12.486+0000] {dag.py:2585} INFO - Sync 1 DAGs
[2023-05-20T01:35:12.504+0000] {logging_mixin.py:137} INFO - [2023-05-20T01:35:12.504+0000] {dag.py:3340} INFO - Setting next_dagrun for tutorial to 2015-06-01T00:00:00+00:00, run_after=2015-06-02T00:00:00+00:00
[2023-05-20T01:35:12.517+0000] {processor.py:176} INFO - Processing /opt/airflow/dags/algolia-dag.py took 0.096 seconds
[2023-05-20T02:11:42.320+0000] {processor.py:154} INFO - Started process (PID=9242) to work on /opt/airflow/dags/algolia-dag.py
[2023-05-20T02:11:42.326+0000] {processor.py:756} INFO - Processing file /opt/airflow/dags/algolia-dag.py for tasks to queue
[2023-05-20T02:11:42.328+0000] {logging_mixin.py:137} INFO - [2023-05-20T02:11:42.328+0000] {dagbag.py:537} INFO - Filling up the DagBag from /opt/airflow/dags/algolia-dag.py
[2023-05-20T02:11:42.362+0000] {processor.py:766} INFO - DAG(s) dict_keys(['tutorial']) retrieved from /opt/airflow/dags/algolia-dag.py
[2023-05-20T02:11:42.435+0000] {logging_mixin.py:137} INFO - [2023-05-20T02:11:42.434+0000] {dag.py:2585} INFO - Sync 1 DAGs
[2023-05-20T02:11:42.466+0000] {logging_mixin.py:137} INFO - [2023-05-20T02:11:42.466+0000] {dag.py:3340} INFO - Setting next_dagrun for tutorial to 2015-06-01T00:00:00+00:00, run_after=2015-06-02T00:00:00+00:00
[2023-05-20T02:11:42.489+0000] {processor.py:176} INFO - Processing /opt/airflow/dags/algolia-dag.py took 0.176 seconds
[2023-05-20T03:35:52.322+0000] {processor.py:154} INFO - Started process (PID=9270) to work on /opt/airflow/dags/algolia-dag.py
[2023-05-20T03:35:52.326+0000] {processor.py:756} INFO - Processing file /opt/airflow/dags/algolia-dag.py for tasks to queue
[2023-05-20T03:35:52.328+0000] {logging_mixin.py:137} INFO - [2023-05-20T03:35:52.328+0000] {dagbag.py:537} INFO - Filling up the DagBag from /opt/airflow/dags/algolia-dag.py
[2023-05-20T03:35:52.391+0000] {processor.py:766} INFO - DAG(s) dict_keys(['tutorial']) retrieved from /opt/airflow/dags/algolia-dag.py
[2023-05-20T03:35:52.459+0000] {logging_mixin.py:137} INFO - [2023-05-20T03:35:52.459+0000] {dag.py:2585} INFO - Sync 1 DAGs
[2023-05-20T03:35:52.488+0000] {logging_mixin.py:137} INFO - [2023-05-20T03:35:52.488+0000] {dag.py:3340} INFO - Setting next_dagrun for tutorial to 2015-06-01T00:00:00+00:00, run_after=2015-06-02T00:00:00+00:00
[2023-05-20T03:35:52.511+0000] {processor.py:176} INFO - Processing /opt/airflow/dags/algolia-dag.py took 0.193 seconds
[2023-05-20T05:02:12.958+0000] {processor.py:154} INFO - Started process (PID=9298) to work on /opt/airflow/dags/algolia-dag.py
[2023-05-20T05:02:12.962+0000] {processor.py:756} INFO - Processing file /opt/airflow/dags/algolia-dag.py for tasks to queue
[2023-05-20T05:02:12.963+0000] {logging_mixin.py:137} INFO - [2023-05-20T05:02:12.963+0000] {dagbag.py:537} INFO - Filling up the DagBag from /opt/airflow/dags/algolia-dag.py
[2023-05-20T05:02:12.998+0000] {processor.py:766} INFO - DAG(s) dict_keys(['tutorial']) retrieved from /opt/airflow/dags/algolia-dag.py
[2023-05-20T05:02:13.085+0000] {logging_mixin.py:137} INFO - [2023-05-20T05:02:13.085+0000] {dag.py:2585} INFO - Sync 1 DAGs
[2023-05-20T05:02:13.121+0000] {logging_mixin.py:137} INFO - [2023-05-20T05:02:13.120+0000] {dag.py:3340} INFO - Setting next_dagrun for tutorial to 2015-06-01T00:00:00+00:00, run_after=2015-06-02T00:00:00+00:00
[2023-05-20T05:02:13.141+0000] {processor.py:176} INFO - Processing /opt/airflow/dags/algolia-dag.py took 0.188 seconds
[2023-05-20T06:24:07.900+0000] {processor.py:154} INFO - Started process (PID=9325) to work on /opt/airflow/dags/algolia-dag.py
[2023-05-20T06:24:07.902+0000] {processor.py:756} INFO - Processing file /opt/airflow/dags/algolia-dag.py for tasks to queue
[2023-05-20T06:24:07.903+0000] {logging_mixin.py:137} INFO - [2023-05-20T06:24:07.903+0000] {dagbag.py:537} INFO - Filling up the DagBag from /opt/airflow/dags/algolia-dag.py
[2023-05-20T06:24:07.925+0000] {processor.py:766} INFO - DAG(s) dict_keys(['tutorial']) retrieved from /opt/airflow/dags/algolia-dag.py
[2023-05-20T06:24:07.979+0000] {logging_mixin.py:137} INFO - [2023-05-20T06:24:07.979+0000] {dag.py:2585} INFO - Sync 1 DAGs
[2023-05-20T06:24:08.009+0000] {logging_mixin.py:137} INFO - [2023-05-20T06:24:08.009+0000] {dag.py:3340} INFO - Setting next_dagrun for tutorial to 2015-06-01T00:00:00+00:00, run_after=2015-06-02T00:00:00+00:00
[2023-05-20T06:24:08.028+0000] {processor.py:176} INFO - Processing /opt/airflow/dags/algolia-dag.py took 0.138 seconds
[2023-05-20T07:44:52.537+0000] {processor.py:154} INFO - Started process (PID=9344) to work on /opt/airflow/dags/algolia-dag.py
[2023-05-20T07:44:52.538+0000] {processor.py:756} INFO - Processing file /opt/airflow/dags/algolia-dag.py for tasks to queue
[2023-05-20T07:44:52.539+0000] {logging_mixin.py:137} INFO - [2023-05-20T07:44:52.539+0000] {dagbag.py:537} INFO - Filling up the DagBag from /opt/airflow/dags/algolia-dag.py
[2023-05-20T07:44:52.556+0000] {processor.py:766} INFO - DAG(s) dict_keys(['tutorial']) retrieved from /opt/airflow/dags/algolia-dag.py
[2023-05-20T07:44:52.588+0000] {logging_mixin.py:137} INFO - [2023-05-20T07:44:52.588+0000] {dag.py:2585} INFO - Sync 1 DAGs
[2023-05-20T07:44:52.602+0000] {logging_mixin.py:137} INFO - [2023-05-20T07:44:52.602+0000] {dag.py:3340} INFO - Setting next_dagrun for tutorial to 2015-06-01T00:00:00+00:00, run_after=2015-06-02T00:00:00+00:00
[2023-05-20T07:44:52.612+0000] {processor.py:176} INFO - Processing /opt/airflow/dags/algolia-dag.py took 0.079 seconds
[2023-05-20T08:52:12.570+0000] {processor.py:154} INFO - Started process (PID=9373) to work on /opt/airflow/dags/algolia-dag.py
[2023-05-20T08:52:12.572+0000] {processor.py:756} INFO - Processing file /opt/airflow/dags/algolia-dag.py for tasks to queue
[2023-05-20T08:52:12.573+0000] {logging_mixin.py:137} INFO - [2023-05-20T08:52:12.573+0000] {dagbag.py:537} INFO - Filling up the DagBag from /opt/airflow/dags/algolia-dag.py
[2023-05-20T08:52:12.607+0000] {processor.py:766} INFO - DAG(s) dict_keys(['tutorial']) retrieved from /opt/airflow/dags/algolia-dag.py
[2023-05-20T08:52:12.693+0000] {logging_mixin.py:137} INFO - [2023-05-20T08:52:12.692+0000] {dag.py:2585} INFO - Sync 1 DAGs
[2023-05-20T08:52:12.726+0000] {logging_mixin.py:137} INFO - [2023-05-20T08:52:12.726+0000] {dag.py:3340} INFO - Setting next_dagrun for tutorial to 2015-06-01T00:00:00+00:00, run_after=2015-06-02T00:00:00+00:00
[2023-05-20T08:52:12.745+0000] {processor.py:176} INFO - Processing /opt/airflow/dags/algolia-dag.py took 0.179 seconds
[2023-05-20T09:58:44.231+0000] {processor.py:154} INFO - Started process (PID=9401) to work on /opt/airflow/dags/algolia-dag.py
[2023-05-20T09:58:44.233+0000] {processor.py:756} INFO - Processing file /opt/airflow/dags/algolia-dag.py for tasks to queue
[2023-05-20T09:58:44.234+0000] {logging_mixin.py:137} INFO - [2023-05-20T09:58:44.234+0000] {dagbag.py:537} INFO - Filling up the DagBag from /opt/airflow/dags/algolia-dag.py
[2023-05-20T09:58:44.250+0000] {processor.py:766} INFO - DAG(s) dict_keys(['tutorial']) retrieved from /opt/airflow/dags/algolia-dag.py
[2023-05-20T09:58:44.279+0000] {logging_mixin.py:137} INFO - [2023-05-20T09:58:44.279+0000] {dag.py:2585} INFO - Sync 1 DAGs
[2023-05-20T09:58:44.293+0000] {logging_mixin.py:137} INFO - [2023-05-20T09:58:44.293+0000] {dag.py:3340} INFO - Setting next_dagrun for tutorial to 2015-06-01T00:00:00+00:00, run_after=2015-06-02T00:00:00+00:00
[2023-05-20T09:58:44.303+0000] {processor.py:176} INFO - Processing /opt/airflow/dags/algolia-dag.py took 0.076 seconds
[2023-05-20T11:17:29.516+0000] {processor.py:154} INFO - Started process (PID=9429) to work on /opt/airflow/dags/algolia-dag.py
[2023-05-20T11:17:29.521+0000] {processor.py:756} INFO - Processing file /opt/airflow/dags/algolia-dag.py for tasks to queue
[2023-05-20T11:17:29.523+0000] {logging_mixin.py:137} INFO - [2023-05-20T11:17:29.523+0000] {dagbag.py:537} INFO - Filling up the DagBag from /opt/airflow/dags/algolia-dag.py
[2023-05-20T11:17:29.563+0000] {processor.py:766} INFO - DAG(s) dict_keys(['tutorial']) retrieved from /opt/airflow/dags/algolia-dag.py
[2023-05-20T11:17:29.653+0000] {logging_mixin.py:137} INFO - [2023-05-20T11:17:29.653+0000] {dag.py:2585} INFO - Sync 1 DAGs
[2023-05-20T11:17:29.685+0000] {logging_mixin.py:137} INFO - [2023-05-20T11:17:29.685+0000] {dag.py:3340} INFO - Setting next_dagrun for tutorial to 2015-06-01T00:00:00+00:00, run_after=2015-06-02T00:00:00+00:00
[2023-05-20T11:17:29.712+0000] {processor.py:176} INFO - Processing /opt/airflow/dags/algolia-dag.py took 0.208 seconds
[2023-05-20T12:37:52.214+0000] {processor.py:154} INFO - Started process (PID=9448) to work on /opt/airflow/dags/algolia-dag.py
[2023-05-20T12:37:52.216+0000] {processor.py:756} INFO - Processing file /opt/airflow/dags/algolia-dag.py for tasks to queue
[2023-05-20T12:37:52.217+0000] {logging_mixin.py:137} INFO - [2023-05-20T12:37:52.217+0000] {dagbag.py:537} INFO - Filling up the DagBag from /opt/airflow/dags/algolia-dag.py
[2023-05-20T12:37:52.231+0000] {processor.py:766} INFO - DAG(s) dict_keys(['tutorial']) retrieved from /opt/airflow/dags/algolia-dag.py
[2023-05-20T12:37:52.258+0000] {logging_mixin.py:137} INFO - [2023-05-20T12:37:52.258+0000] {dag.py:2585} INFO - Sync 1 DAGs
[2023-05-20T12:37:52.273+0000] {logging_mixin.py:137} INFO - [2023-05-20T12:37:52.273+0000] {dag.py:3340} INFO - Setting next_dagrun for tutorial to 2015-06-01T00:00:00+00:00, run_after=2015-06-02T00:00:00+00:00
[2023-05-20T12:37:52.283+0000] {processor.py:176} INFO - Processing /opt/airflow/dags/algolia-dag.py took 0.072 seconds
[2023-05-20T13:45:21.800+0000] {processor.py:154} INFO - Started process (PID=9475) to work on /opt/airflow/dags/algolia-dag.py
[2023-05-20T13:45:21.802+0000] {processor.py:756} INFO - Processing file /opt/airflow/dags/algolia-dag.py for tasks to queue
[2023-05-20T13:45:21.804+0000] {logging_mixin.py:137} INFO - [2023-05-20T13:45:21.804+0000] {dagbag.py:537} INFO - Filling up the DagBag from /opt/airflow/dags/algolia-dag.py
[2023-05-20T13:45:21.835+0000] {processor.py:766} INFO - DAG(s) dict_keys(['tutorial']) retrieved from /opt/airflow/dags/algolia-dag.py
[2023-05-20T13:45:21.909+0000] {logging_mixin.py:137} INFO - [2023-05-20T13:45:21.909+0000] {dag.py:2585} INFO - Sync 1 DAGs
[2023-05-20T13:45:21.944+0000] {logging_mixin.py:137} INFO - [2023-05-20T13:45:21.944+0000] {dag.py:3340} INFO - Setting next_dagrun for tutorial to 2015-06-01T00:00:00+00:00, run_after=2015-06-02T00:00:00+00:00
[2023-05-20T13:45:21.962+0000] {processor.py:176} INFO - Processing /opt/airflow/dags/algolia-dag.py took 0.166 seconds
[2023-05-20T15:05:36.791+0000] {processor.py:154} INFO - Started process (PID=9503) to work on /opt/airflow/dags/algolia-dag.py
[2023-05-20T15:05:36.793+0000] {processor.py:756} INFO - Processing file /opt/airflow/dags/algolia-dag.py for tasks to queue
[2023-05-20T15:05:36.794+0000] {logging_mixin.py:137} INFO - [2023-05-20T15:05:36.793+0000] {dagbag.py:537} INFO - Filling up the DagBag from /opt/airflow/dags/algolia-dag.py
[2023-05-20T15:05:36.827+0000] {processor.py:766} INFO - DAG(s) dict_keys(['tutorial']) retrieved from /opt/airflow/dags/algolia-dag.py
[2023-05-20T15:05:36.904+0000] {logging_mixin.py:137} INFO - [2023-05-20T15:05:36.904+0000] {dag.py:2585} INFO - Sync 1 DAGs
[2023-05-20T15:05:36.926+0000] {logging_mixin.py:137} INFO - [2023-05-20T15:05:36.926+0000] {dag.py:3340} INFO - Setting next_dagrun for tutorial to 2015-06-01T00:00:00+00:00, run_after=2015-06-02T00:00:00+00:00
[2023-05-20T15:05:36.942+0000] {processor.py:176} INFO - Processing /opt/airflow/dags/algolia-dag.py took 0.155 seconds
[2023-05-20T16:27:42.686+0000] {processor.py:154} INFO - Started process (PID=9530) to work on /opt/airflow/dags/algolia-dag.py
[2023-05-20T16:27:42.688+0000] {processor.py:756} INFO - Processing file /opt/airflow/dags/algolia-dag.py for tasks to queue
[2023-05-20T16:27:42.689+0000] {logging_mixin.py:137} INFO - [2023-05-20T16:27:42.689+0000] {dagbag.py:537} INFO - Filling up the DagBag from /opt/airflow/dags/algolia-dag.py
[2023-05-20T16:27:42.704+0000] {processor.py:766} INFO - DAG(s) dict_keys(['tutorial']) retrieved from /opt/airflow/dags/algolia-dag.py
[2023-05-20T16:27:42.737+0000] {logging_mixin.py:137} INFO - [2023-05-20T16:27:42.737+0000] {dag.py:2585} INFO - Sync 1 DAGs
[2023-05-20T16:27:42.756+0000] {logging_mixin.py:137} INFO - [2023-05-20T16:27:42.756+0000] {dag.py:3340} INFO - Setting next_dagrun for tutorial to 2015-06-01T00:00:00+00:00, run_after=2015-06-02T00:00:00+00:00
[2023-05-20T16:27:42.767+0000] {processor.py:176} INFO - Processing /opt/airflow/dags/algolia-dag.py took 0.084 seconds
[2023-05-20T17:52:06.870+0000] {processor.py:154} INFO - Started process (PID=9549) to work on /opt/airflow/dags/algolia-dag.py
[2023-05-20T17:52:06.872+0000] {processor.py:756} INFO - Processing file /opt/airflow/dags/algolia-dag.py for tasks to queue
[2023-05-20T17:52:06.873+0000] {logging_mixin.py:137} INFO - [2023-05-20T17:52:06.873+0000] {dagbag.py:537} INFO - Filling up the DagBag from /opt/airflow/dags/algolia-dag.py
[2023-05-20T17:52:07.169+0000] {processor.py:766} INFO - DAG(s) dict_keys(['tutorial']) retrieved from /opt/airflow/dags/algolia-dag.py
[2023-05-20T17:52:07.334+0000] {logging_mixin.py:137} INFO - [2023-05-20T17:52:07.334+0000] {dag.py:2585} INFO - Sync 1 DAGs
[2023-05-20T17:52:07.360+0000] {logging_mixin.py:137} INFO - [2023-05-20T17:52:07.360+0000] {dag.py:3340} INFO - Setting next_dagrun for tutorial to 2015-06-01T00:00:00+00:00, run_after=2015-06-02T00:00:00+00:00
[2023-05-20T17:52:07.384+0000] {processor.py:176} INFO - Processing /opt/airflow/dags/algolia-dag.py took 0.519 seconds
[2023-05-20T19:11:09.572+0000] {processor.py:154} INFO - Started process (PID=9577) to work on /opt/airflow/dags/algolia-dag.py
[2023-05-20T19:11:09.573+0000] {processor.py:756} INFO - Processing file /opt/airflow/dags/algolia-dag.py for tasks to queue
[2023-05-20T19:11:09.574+0000] {logging_mixin.py:137} INFO - [2023-05-20T19:11:09.574+0000] {dagbag.py:537} INFO - Filling up the DagBag from /opt/airflow/dags/algolia-dag.py
[2023-05-20T19:11:09.595+0000] {processor.py:766} INFO - DAG(s) dict_keys(['tutorial']) retrieved from /opt/airflow/dags/algolia-dag.py
[2023-05-20T19:11:09.629+0000] {logging_mixin.py:137} INFO - [2023-05-20T19:11:09.629+0000] {dag.py:2585} INFO - Sync 1 DAGs
[2023-05-20T19:11:09.646+0000] {logging_mixin.py:137} INFO - [2023-05-20T19:11:09.646+0000] {dag.py:3340} INFO - Setting next_dagrun for tutorial to 2015-06-01T00:00:00+00:00, run_after=2015-06-02T00:00:00+00:00
[2023-05-20T19:11:09.657+0000] {processor.py:176} INFO - Processing /opt/airflow/dags/algolia-dag.py took 0.090 seconds
[2023-05-20T20:32:52.201+0000] {processor.py:154} INFO - Started process (PID=9605) to work on /opt/airflow/dags/algolia-dag.py
[2023-05-20T20:32:52.203+0000] {processor.py:756} INFO - Processing file /opt/airflow/dags/algolia-dag.py for tasks to queue
[2023-05-20T20:32:52.204+0000] {logging_mixin.py:137} INFO - [2023-05-20T20:32:52.204+0000] {dagbag.py:537} INFO - Filling up the DagBag from /opt/airflow/dags/algolia-dag.py
[2023-05-20T20:32:52.227+0000] {processor.py:766} INFO - DAG(s) dict_keys(['tutorial']) retrieved from /opt/airflow/dags/algolia-dag.py
[2023-05-20T20:32:52.287+0000] {logging_mixin.py:137} INFO - [2023-05-20T20:32:52.287+0000] {dag.py:2585} INFO - Sync 1 DAGs
[2023-05-20T20:32:52.309+0000] {logging_mixin.py:137} INFO - [2023-05-20T20:32:52.309+0000] {dag.py:3340} INFO - Setting next_dagrun for tutorial to 2015-06-01T00:00:00+00:00, run_after=2015-06-02T00:00:00+00:00
[2023-05-20T20:32:52.322+0000] {processor.py:176} INFO - Processing /opt/airflow/dags/algolia-dag.py took 0.129 seconds
[2023-05-20T21:55:34.644+0000] {processor.py:154} INFO - Started process (PID=9632) to work on /opt/airflow/dags/algolia-dag.py
[2023-05-20T21:55:34.645+0000] {processor.py:756} INFO - Processing file /opt/airflow/dags/algolia-dag.py for tasks to queue
[2023-05-20T21:55:34.646+0000] {logging_mixin.py:137} INFO - [2023-05-20T21:55:34.646+0000] {dagbag.py:537} INFO - Filling up the DagBag from /opt/airflow/dags/algolia-dag.py
[2023-05-20T21:55:34.666+0000] {processor.py:766} INFO - DAG(s) dict_keys(['tutorial']) retrieved from /opt/airflow/dags/algolia-dag.py
[2023-05-20T21:55:34.711+0000] {logging_mixin.py:137} INFO - [2023-05-20T21:55:34.711+0000] {dag.py:2585} INFO - Sync 1 DAGs
[2023-05-20T21:55:34.736+0000] {logging_mixin.py:137} INFO - [2023-05-20T21:55:34.735+0000] {dag.py:3340} INFO - Setting next_dagrun for tutorial to 2015-06-01T00:00:00+00:00, run_after=2015-06-02T00:00:00+00:00
[2023-05-20T21:55:34.753+0000] {processor.py:176} INFO - Processing /opt/airflow/dags/algolia-dag.py took 0.112 seconds
[2023-05-20T23:16:59.391+0000] {processor.py:154} INFO - Started process (PID=9651) to work on /opt/airflow/dags/algolia-dag.py
[2023-05-20T23:16:59.394+0000] {processor.py:756} INFO - Processing file /opt/airflow/dags/algolia-dag.py for tasks to queue
[2023-05-20T23:16:59.395+0000] {logging_mixin.py:137} INFO - [2023-05-20T23:16:59.395+0000] {dagbag.py:537} INFO - Filling up the DagBag from /opt/airflow/dags/algolia-dag.py
[2023-05-20T23:16:59.421+0000] {processor.py:766} INFO - DAG(s) dict_keys(['tutorial']) retrieved from /opt/airflow/dags/algolia-dag.py
[2023-05-20T23:16:59.471+0000] {logging_mixin.py:137} INFO - [2023-05-20T23:16:59.471+0000] {dag.py:2585} INFO - Sync 1 DAGs
[2023-05-20T23:16:59.502+0000] {logging_mixin.py:137} INFO - [2023-05-20T23:16:59.502+0000] {dag.py:3340} INFO - Setting next_dagrun for tutorial to 2015-06-01T00:00:00+00:00, run_after=2015-06-02T00:00:00+00:00
[2023-05-20T23:16:59.528+0000] {processor.py:176} INFO - Processing /opt/airflow/dags/algolia-dag.py took 0.140 seconds
